[0m22:27:58.749853 [debug] [MainThread]: Sending event: {'category': 'dbt', 'action': 'invocation', 'label': 'start', 'context': [<snowplow_tracker.self_describing_json.SelfDescribingJson object at 0x102fbcee0>, <snowplow_tracker.self_describing_json.SelfDescribingJson object at 0x103e610a0>, <snowplow_tracker.self_describing_json.SelfDescribingJson object at 0x103e613d0>]}


============================== 22:27:58.752415 | 127f3827-4b68-4a7a-8425-1072b5535232 ==============================
[0m22:27:58.752415 [info ] [MainThread]: Running with dbt=1.9.3
[0m22:27:58.752761 [debug] [MainThread]: running dbt with arguments {'printer_width': '80', 'indirect_selection': 'eager', 'write_json': 'True', 'log_cache_events': 'False', 'partial_parse': 'True', 'cache_selected_only': 'False', 'profiles_dir': '/Users/craigmiles-clarke/.dbt', 'fail_fast': 'False', 'warn_error': 'None', 'log_path': 'logs', 'debug': 'False', 'version_check': 'True', 'use_colors': 'True', 'use_experimental_parser': 'False', 'no_print': 'None', 'quiet': 'False', 'empty': 'None', 'warn_error_options': 'WarnErrorOptions(include=[], exclude=[])', 'static_parser': 'True', 'log_format': 'default', 'introspect': 'True', 'target_path': 'None', 'invocation_command': 'dbt init', 'send_anonymous_usage_stats': 'True'}
[0m22:28:11.126511 [debug] [MainThread]: Starter project path: /Users/craigmiles-clarke/GitHub/new_york_taxis/.venv/lib/python3.9/site-packages/dbt/include/starter_project
[0m22:28:11.139459 [info ] [MainThread]: 
Your new dbt project "taxi_rides_ny" was created!

For more information on how to configure the profiles.yml file,
please consult the dbt documentation here:

  https://docs.getdbt.com/docs/configure-your-profile

One more thing:

Need help? Don't hesitate to reach out to us via GitHub issues or on Slack:

  https://community.getdbt.com/

Happy modeling!

[0m22:28:11.140764 [info ] [MainThread]: Setting up your profile.
[0m22:28:48.735763 [info ] [MainThread]: Profile taxi_rides_ny written to /Users/craigmiles-clarke/.dbt/profiles.yml using target's profile_template.yml and your supplied values. Run 'dbt debug' to validate the connection.
[0m22:28:48.749489 [debug] [MainThread]: Resource report: {"command_name": "init", "command_success": true, "command_wall_clock_time": 50.041424, "process_in_blocks": "0", "process_kernel_time": 0.155804, "process_mem_max_rss": "86966272", "process_out_blocks": "0", "process_user_time": 0.68207}
[0m22:28:48.750592 [debug] [MainThread]: Command `dbt init` succeeded at 22:28:48.750401 after 50.04 seconds
[0m22:28:48.751850 [debug] [MainThread]: Sending event: {'category': 'dbt', 'action': 'invocation', 'label': 'end', 'context': [<snowplow_tracker.self_describing_json.SelfDescribingJson object at 0x102fbcee0>, <snowplow_tracker.self_describing_json.SelfDescribingJson object at 0x103e28dc0>, <snowplow_tracker.self_describing_json.SelfDescribingJson object at 0x103eae820>]}
[0m22:28:48.753375 [debug] [MainThread]: Flushing usage events
[0m22:28:49.226253 [debug] [MainThread]: An error was encountered while trying to flush usage events
[0m22:30:22.090926 [debug] [MainThread]: Sending event: {'category': 'dbt', 'action': 'invocation', 'label': 'start', 'context': [<snowplow_tracker.self_describing_json.SelfDescribingJson object at 0x102cb5eb0>, <snowplow_tracker.self_describing_json.SelfDescribingJson object at 0x103b61100>, <snowplow_tracker.self_describing_json.SelfDescribingJson object at 0x103b61430>]}


============================== 22:30:22.093620 | 0c750874-be57-4c4d-8a89-447705082807 ==============================
[0m22:30:22.093620 [info ] [MainThread]: Running with dbt=1.9.3
[0m22:30:22.093968 [debug] [MainThread]: running dbt with arguments {'printer_width': '80', 'indirect_selection': 'eager', 'log_cache_events': 'False', 'write_json': 'True', 'partial_parse': 'True', 'cache_selected_only': 'False', 'profiles_dir': '/Users/craigmiles-clarke/.dbt', 'version_check': 'True', 'fail_fast': 'False', 'log_path': 'logs', 'debug': 'False', 'warn_error': 'None', 'use_colors': 'True', 'use_experimental_parser': 'False', 'empty': 'None', 'quiet': 'False', 'no_print': 'None', 'warn_error_options': 'WarnErrorOptions(include=[], exclude=[])', 'static_parser': 'True', 'log_format': 'default', 'introspect': 'True', 'target_path': 'None', 'invocation_command': 'dbt debug', 'send_anonymous_usage_stats': 'True'}
[0m22:30:22.101211 [info ] [MainThread]: dbt version: 1.9.3
[0m22:30:22.101445 [info ] [MainThread]: python version: 3.9.6
[0m22:30:22.101629 [info ] [MainThread]: python path: /Users/craigmiles-clarke/GitHub/new_york_taxis/.venv/bin/python3
[0m22:30:22.101802 [info ] [MainThread]: os info: macOS-15.3.2-arm64-arm-64bit
[0m22:30:22.146896 [info ] [MainThread]: Using profiles dir at /Users/craigmiles-clarke/.dbt
[0m22:30:22.147184 [info ] [MainThread]: Using profiles.yml file at /Users/craigmiles-clarke/.dbt/profiles.yml
[0m22:30:22.147371 [info ] [MainThread]: Using dbt_project.yml file at /Users/craigmiles-clarke/GitHub/new_york_taxis/dbt_project.yml
[0m22:30:22.147599 [error] [MainThread]: Encountered an error:
Internal Error
  Profile should not be None if loading profile completed
[0m22:30:22.149084 [debug] [MainThread]: Resource report: {"command_name": "debug", "command_success": false, "command_wall_clock_time": 0.09997713, "process_in_blocks": "0", "process_kernel_time": 0.09416, "process_mem_max_rss": "91127808", "process_out_blocks": "0", "process_user_time": 0.654125}
[0m22:30:22.149339 [debug] [MainThread]: Command `dbt debug` failed at 22:30:22.149286 after 0.10 seconds
[0m22:30:22.149536 [debug] [MainThread]: Sending event: {'category': 'dbt', 'action': 'invocation', 'label': 'end', 'context': [<snowplow_tracker.self_describing_json.SelfDescribingJson object at 0x102cb5eb0>, <snowplow_tracker.self_describing_json.SelfDescribingJson object at 0x103b3cbb0>, <snowplow_tracker.self_describing_json.SelfDescribingJson object at 0x103e30670>]}
[0m22:30:22.149742 [debug] [MainThread]: Flushing usage events
[0m22:30:22.589591 [debug] [MainThread]: An error was encountered while trying to flush usage events
[0m22:43:50.587440 [debug] [MainThread]: Sending event: {'category': 'dbt', 'action': 'invocation', 'label': 'start', 'context': [<snowplow_tracker.self_describing_json.SelfDescribingJson object at 0x102d99eb0>, <snowplow_tracker.self_describing_json.SelfDescribingJson object at 0x104046fa0>, <snowplow_tracker.self_describing_json.SelfDescribingJson object at 0x104046b80>]}


============================== 22:43:50.591034 | 41afe673-2bf6-46a5-90e9-3d8c983211ae ==============================
[0m22:43:50.591034 [info ] [MainThread]: Running with dbt=1.9.3
[0m22:43:50.591418 [debug] [MainThread]: running dbt with arguments {'printer_width': '80', 'indirect_selection': 'eager', 'log_cache_events': 'False', 'write_json': 'True', 'partial_parse': 'True', 'cache_selected_only': 'False', 'profiles_dir': '/Users/craigmiles-clarke/.dbt', 'fail_fast': 'False', 'debug': 'False', 'log_path': 'logs', 'warn_error': 'None', 'version_check': 'True', 'use_colors': 'True', 'use_experimental_parser': 'False', 'no_print': 'None', 'quiet': 'False', 'empty': 'None', 'log_format': 'default', 'static_parser': 'True', 'warn_error_options': 'WarnErrorOptions(include=[], exclude=[])', 'invocation_command': 'dbt debug', 'target_path': 'None', 'introspect': 'True', 'send_anonymous_usage_stats': 'True'}
[0m22:43:50.598837 [info ] [MainThread]: dbt version: 1.9.3
[0m22:43:50.599091 [info ] [MainThread]: python version: 3.9.6
[0m22:43:50.599281 [info ] [MainThread]: python path: /Users/craigmiles-clarke/GitHub/new_york_taxis/.venv/bin/python3
[0m22:43:50.599456 [info ] [MainThread]: os info: macOS-15.3.2-arm64-arm-64bit
[0m22:43:50.683980 [info ] [MainThread]: Using profiles dir at /Users/craigmiles-clarke/.dbt
[0m22:43:50.684283 [info ] [MainThread]: Using profiles.yml file at /Users/craigmiles-clarke/.dbt/profiles.yml
[0m22:43:50.684474 [info ] [MainThread]: Using dbt_project.yml file at /Users/craigmiles-clarke/GitHub/new_york_taxis/dbt_project.yml
[0m22:43:50.684776 [info ] [MainThread]: adapter type: postgres
[0m22:43:50.684999 [info ] [MainThread]: adapter version: 1.9.0
[0m22:43:50.685194 [info ] [MainThread]: Configuration:
[0m22:43:50.685362 [info ] [MainThread]:   profiles.yml file [[32mOK found and valid[0m]
[0m22:43:50.685524 [info ] [MainThread]:   dbt_project.yml file [[31mERROR not found[0m]
[0m22:43:50.685684 [info ] [MainThread]: Required dependencies:
[0m22:43:50.685880 [debug] [MainThread]: Executing "git --help"
[0m22:43:50.711274 [debug] [MainThread]: STDOUT: "b"usage: git [--version] [--help] [-C <path>] [-c name=value]\n           [--exec-path[=<path>]] [--html-path] [--man-path] [--info-path]\n           [-p | --paginate | --no-pager] [--no-replace-objects] [--bare]\n           [--git-dir=<path>] [--work-tree=<path>] [--namespace=<name>]\n           <command> [<args>]\n\nThese are common Git commands used in various situations:\n\nstart a working area (see also: git help tutorial)\n   clone      Clone a repository into a new directory\n   init       Create an empty Git repository or reinitialize an existing one\n\nwork on the current change (see also: git help everyday)\n   add        Add file contents to the index\n   mv         Move or rename a file, a directory, or a symlink\n   reset      Reset current HEAD to the specified state\n   rm         Remove files from the working tree and from the index\n\nexamine the history and state (see also: git help revisions)\n   bisect     Use binary search to find the commit that introduced a bug\n   grep       Print lines matching a pattern\n   log        Show commit logs\n   show       Show various types of objects\n   status     Show the working tree status\n\ngrow, mark and tweak your common history\n   branch     List, create, or delete branches\n   checkout   Switch branches or restore working tree files\n   commit     Record changes to the repository\n   diff       Show changes between commits, commit and working tree, etc\n   merge      Join two or more development histories together\n   rebase     Reapply commits on top of another base tip\n   tag        Create, list, delete or verify a tag object signed with GPG\n\ncollaborate (see also: git help workflows)\n   fetch      Download objects and refs from another repository\n   pull       Fetch from and integrate with another repository or a local branch\n   push       Update remote refs along with associated objects\n\n'git help -a' and 'git help -g' list available subcommands and some\nconcept guides. See 'git help <command>' or 'git help <concept>'\nto read about a specific subcommand or concept.\n""
[0m22:43:50.711795 [debug] [MainThread]: STDERR: "b''"
[0m22:43:50.712059 [info ] [MainThread]:  - git [[32mOK found[0m]

[0m22:43:50.712264 [info ] [MainThread]: Connection:
[0m22:43:50.712478 [info ] [MainThread]:   host: localhost
[0m22:43:50.712643 [info ] [MainThread]:   port: 5432
[0m22:43:50.712800 [info ] [MainThread]:   user: kestra
[0m22:43:50.712958 [info ] [MainThread]:   database: postgres-zoomcamp
[0m22:43:50.713113 [info ] [MainThread]:   schema: new_york_taxis
[0m22:43:50.713266 [info ] [MainThread]:   connect_timeout: 10
[0m22:43:50.713422 [info ] [MainThread]:   role: None
[0m22:43:50.713575 [info ] [MainThread]:   search_path: None
[0m22:43:50.713726 [info ] [MainThread]:   keepalives_idle: 0
[0m22:43:50.713877 [info ] [MainThread]:   sslmode: None
[0m22:43:50.714027 [info ] [MainThread]:   sslcert: None
[0m22:43:50.714177 [info ] [MainThread]:   sslkey: None
[0m22:43:50.714330 [info ] [MainThread]:   sslrootcert: None
[0m22:43:50.714482 [info ] [MainThread]:   application_name: dbt
[0m22:43:50.714633 [info ] [MainThread]:   retries: 1
[0m22:43:50.715012 [info ] [MainThread]: Registered adapter: postgres=1.9.0
[0m22:43:50.774276 [debug] [MainThread]: Acquiring new postgres connection 'debug'
[0m22:43:50.798030 [debug] [MainThread]: Using postgres connection "debug"
[0m22:43:50.798263 [debug] [MainThread]: On debug: select 1 as id
[0m22:43:50.798433 [debug] [MainThread]: Opening a new connection, currently in state init
[0m22:43:50.930346 [debug] [MainThread]: SQL status: SELECT 1 in 0.132 seconds
[0m22:43:50.931087 [debug] [MainThread]: On debug: Close
[0m22:43:50.931363 [info ] [MainThread]:   Connection test: [[32mOK connection ok[0m]

[0m22:43:50.931624 [info ] [MainThread]: [31m1 check failed:[0m
[0m22:43:50.931850 [info ] [MainThread]: Project loading failed for the following reason:
 project path </Users/craigmiles-clarke/GitHub/new_york_taxis/dbt_project.yml> not found

[0m22:43:50.933600 [debug] [MainThread]: Resource report: {"command_name": "debug", "command_success": false, "command_wall_clock_time": 0.39177147, "process_in_blocks": "0", "process_kernel_time": 0.184055, "process_mem_max_rss": "101122048", "process_out_blocks": "0", "process_user_time": 0.724667}
[0m22:43:50.933913 [debug] [MainThread]: Command `dbt debug` failed at 22:43:50.933845 after 0.39 seconds
[0m22:43:50.934159 [debug] [MainThread]: Connection 'debug' was properly closed.
[0m22:43:50.934394 [debug] [MainThread]: Sending event: {'category': 'dbt', 'action': 'invocation', 'label': 'end', 'context': [<snowplow_tracker.self_describing_json.SelfDescribingJson object at 0x102d99eb0>, <snowplow_tracker.self_describing_json.SelfDescribingJson object at 0x1043693a0>, <snowplow_tracker.self_describing_json.SelfDescribingJson object at 0x1043767f0>]}
[0m22:43:50.934686 [debug] [MainThread]: Flushing usage events
[0m22:43:51.380972 [debug] [MainThread]: An error was encountered while trying to flush usage events
